::1 - - [03/Feb/2021:07:43:50 +0000] "POST /api/v1/authors HTTP/1.1" - -
::1 - - [03/Feb/2021:07:44:35 +0000] "POST /api/v1/authors HTTP/1.1" 200 258
::1 - - [03/Feb/2021:07:54:37 +0000] "POST /api/v1/authors HTTP/1.1" 422 93
::1 - - [03/Feb/2021:07:54:43 +0000] "POST /api/v1/authors HTTP/1.1" 422 93
::1 - - [03/Feb/2021:07:54:55 +0000] "POST /api/v1/authors HTTP/1.1" 422 67
::1 - - [03/Feb/2021:07:54:58 +0000] "POST /api/v1/authors HTTP/1.1" 422 67
::1 - - [03/Feb/2021:07:54:58 +0000] "POST /api/v1/authors HTTP/1.1" 422 67
::1 - - [03/Feb/2021:07:54:59 +0000] "POST /api/v1/authors HTTP/1.1" 422 67
::1 - - [03/Feb/2021:07:55:00 +0000] "POST /api/v1/authors HTTP/1.1" 422 67
::1 - - [03/Feb/2021:07:55:00 +0000] "POST /api/v1/authors HTTP/1.1" 422 67
::1 - - [03/Feb/2021:07:55:01 +0000] "POST /api/v1/authors HTTP/1.1" 422 67
::1 - - [03/Feb/2021:07:55:01 +0000] "POST /api/v1/authors HTTP/1.1" 422 67
::1 - - [03/Feb/2021:07:55:02 +0000] "POST /api/v1/authors HTTP/1.1" 422 67
::1 - - [03/Feb/2021:08:06:03 +0000] "GET /api/v1/authors HTTP/1.1" 200 5608
::1 - - [03/Feb/2021:08:06:22 +0000] "POST /api/v1/authors HTTP/1.1" 422 67
::1 - - [03/Feb/2021:08:06:26 +0000] "POST /api/v1/authors HTTP/1.1" 422 67
::1 - - [03/Feb/2021:08:06:34 +0000] "POST /api/v1/authors HTTP/1.1" 422 58
::1 - - [03/Feb/2021:08:08:17 +0000] "POST /api/v1/authors HTTP/1.1" 422 45
::1 - - [03/Feb/2021:08:09:25 +0000] "POST /api/v1/authors HTTP/1.1" 422 74
::1 - - [03/Feb/2021:08:09:48 +0000] "POST /api/v1/authors HTTP/1.1" 422 45
::1 - - [03/Feb/2021:08:09:55 +0000] "POST /api/v1/authors HTTP/1.1" 422 45
::1 - - [03/Feb/2021:08:10:08 +0000] "POST /api/v1/authors HTTP/1.1" 422 45
::1 - - [03/Feb/2021:08:10:10 +0000] "POST /api/v1/authors HTTP/1.1" 422 45
::1 - - [03/Feb/2021:08:10:41 +0000] "POST /api/v1/authors HTTP/1.1" 422 75
::1 - - [03/Feb/2021:09:09:35 +0000] "GET /api/v1/books HTTP/1.1" 200 2333
::1 - - [03/Feb/2021:09:11:56 +0000] "POST /api/v1/books HTTP/1.1" 422 54
::1 - - [03/Feb/2021:09:12:21 +0000] "POST /api/v1/books HTTP/1.1" 422 61
::1 - - [03/Feb/2021:09:12:45 +0000] "POST /api/v1/books HTTP/1.1" 422 61
::1 - - [03/Feb/2021:09:13:04 +0000] "POST /api/v1/books HTTP/1.1" 200 262
::1 - - [03/Feb/2021:09:13:14 +0000] "POST /api/v1/books HTTP/1.1" 200 262
::1 - - [03/Feb/2021:09:19:25 +0000] "POST /api/v1/books HTTP/1.1" 200 262
::1 - - [03/Feb/2021:09:19:36 +0000] "POST /api/v1/books HTTP/1.1" 200 262
::1 - - [03/Feb/2021:09:20:04 +0000] "POST /api/v1/books HTTP/1.1" 200 262
::1 - - [03/Feb/2021:09:20:36 +0000] "POST /api/v1/books HTTP/1.1" 422 57
::1 - - [03/Feb/2021:09:21:23 +0000] "POST /api/v1/books HTTP/1.1" 422 57
::1 - - [03/Feb/2021:09:21:51 +0000] "POST /api/v1/books HTTP/1.1" 422 57
::1 - - [03/Feb/2021:09:23:28 +0000] "POST /api/v1/books HTTP/1.1" 422 54
::1 - - [03/Feb/2021:09:24:00 +0000] "POST /api/v1/books HTTP/1.1" 200 262
::1 - - [03/Feb/2021:09:30:30 +0000] "POST /api/v1/books HTTP/1.1" 200 262
::1 - - [03/Feb/2021:09:30:48 +0000] "POST /api/v1/books HTTP/1.1" 422 54
::1 - - [03/Feb/2021:09:31:02 +0000] "POST /api/v1/books HTTP/1.1" 422 54
::1 - - [03/Feb/2021:09:31:03 +0000] "POST /api/v1/books HTTP/1.1" 422 54
