::1 - - [08/Feb/2021:21:51:44 +0000] "POST /api/v1/users HTTP/1.1" 200 331
::1 - - [08/Feb/2021:21:52:37 +0000] "POST /api/v1/users HTTP/1.1" 200 332
::1 - - [08/Feb/2021:21:54:27 +0000] "DELETE /api/v1/users/7 HTTP/1.1" 401 44
::1 - - [08/Feb/2021:21:55:14 +0000] "POST /api/v1/users/login HTTP/1.1" 200 201
::1 - - [08/Feb/2021:21:56:07 +0000] "POST /api/v1/users/login HTTP/1.1" 403 66
::1 - - [08/Feb/2021:21:56:16 +0000] "POST /api/v1/users/login HTTP/1.1" 403 67
::1 - - [08/Feb/2021:21:56:27 +0000] "POST /api/v1/users/login HTTP/1.1" 403 65
::1 - - [08/Feb/2021:21:56:29 +0000] "POST /api/v1/users/login HTTP/1.1" 403 65
::1 - - [08/Feb/2021:21:56:37 +0000] "POST /api/v1/users/login HTTP/1.1" 403 70
::1 - - [08/Feb/2021:21:56:48 +0000] "GET /api/v1/users/auth/profile HTTP/1.1" 200 75
::1 - - [08/Feb/2021:21:56:50 +0000] "GET /api/v1/users/auth/profile HTTP/1.1" 200 75
::1 - - [08/Feb/2021:21:57:51 +0000] "POST /api/v1/users/login HTTP/1.1" 200 203
::1 - - [08/Feb/2021:21:58:20 +0000] "DELETE /api/v1/users/7 HTTP/1.1" 200 57
::1 - - [08/Feb/2021:22:02:07 +0000] "POST /api/v1/users HTTP/1.1" 422 76
::1 - - [08/Feb/2021:22:02:39 +0000] "POST /api/v1/users HTTP/1.1" 422 94
::1 - - [08/Feb/2021:22:03:25 +0000] "POST /api/v1/users HTTP/1.1" 422 94
::1 - - [08/Feb/2021:22:03:26 +0000] "POST /api/v1/users HTTP/1.1" 422 94
::1 - - [08/Feb/2021:22:04:34 +0000] "POST /api/v1/users/login HTTP/1.1" 200 208
::1 - - [08/Feb/2021:22:06:51 +0000] "GET /api/v1/users HTTP/1.1" 401 44
::1 - - [08/Feb/2021:22:07:29 +0000] "GET /api/v1/users HTTP/1.1" 200 1621
::1 - - [08/Feb/2021:22:07:50 +0000] "DELETE /api/v1/users/8 HTTP/1.1" 200 57
::1 - - [08/Feb/2021:22:08:00 +0000] "GET /api/v1/users HTTP/1.1" 200 1350
::1 - - [08/Feb/2021:22:08:10 +0000] "DELETE /api/v1/users/6 HTTP/1.1" 200 57
::1 - - [08/Feb/2021:22:08:12 +0000] "DELETE /api/v1/users/6 HTTP/1.1" 200 57
::1 - - [08/Feb/2021:22:08:15 +0000] "GET /api/v1/users HTTP/1.1" 200 1080
::1 - - [08/Feb/2021:22:10:17 +0000] "POST /api/v1/users HTTP/1.1" 422 76
::1 - - [08/Feb/2021:22:11:16 +0000] "GET /api/v1/users HTTP/1.1" 200 1351
::1 - - [08/Feb/2021:22:11:25 +0000] "DELETE /api/v1/users/9 HTTP/1.1" 200 57
::1 - - [08/Feb/2021:22:12:39 +0000] "POST /api/v1/users HTTP/1.1" 422 52
::1 - - [08/Feb/2021:22:13:42 +0000] "DELETE /api/v1/users/10 HTTP/1.1" 200 57
::1 - - [08/Feb/2021:22:13:50 +0000] "POST /api/v1/users HTTP/1.1" 200 333
